<?xml version="1.0" encoding="UTF-8"?>
<testsuite xmlns:xsi="http://www.w3.org/2001/XMLSchema-instance" xsi:noNamespaceSchemaLocation="https://maven.apache.org/surefire/maven-surefire-plugin/xsd/surefire-test-report-3.0.xsd" version="3.0" name="com.monolitoclean.scaa.ScaaApplicationTests" time="5.051" tests="1" errors="0" skipped="0" failures="0">
  <properties>
[...]
</properties>
  <testcase name="contextLoads" classname="com.monolitoclean.scaa.ScaaApplicationTests" time="0.611">
    <system-out><![CDATA[22:08:21.962 [main] INFO org.springframework.test.context.support.AnnotationConfigContextLoaderUtils -- Could not detect default configuration classes for test class [com.monolitoclean.scaa.ScaaApplicationTests]: ScaaApplicationTests does not declare any static, non-private, non-final, nested classes annotated with @Configuration.
22:08:22.069 [main] INFO org.springframework.boot.test.context.SpringBootTestContextBootstrapper -- Found @SpringBootConfiguration com.monolitoclean.scaa.ScaaApplication for test class com.monolitoclean.scaa.ScaaApplicationTests
22:08:22.224 [main] INFO org.springframework.boot.devtools.restart.RestartApplicationListener -- Restart disabled due to context in which it is running

  .   ____          _            __ _ _
 /\\ / ___'_ __ _ _(_)_ __  __ _ \ \ \ \
( ( )\___ | '_ | '_| | '_ \/ _` | \ \ \ \
 \\/  ___)| |_)| | | | | || (_| |  ) ) ) )
  '  |____| .__|_| |_|_| |_\__, | / / / /
 =========|_|==============|___/=/_/_/_/

 :: Spring Boot ::                (v3.3.1)

2024-06-30T22:08:22.962-03:00  INFO 8124 --- [scaa] [           main] c.c.c.ConfigServicePropertySourceLocator : Fetching config from server at : http://localhost:8888
2024-06-30T22:08:23.055-03:00  INFO 8124 --- [scaa] [           main] c.c.c.ConfigServicePropertySourceLocator : Exception on Url - http://localhost:8888:org.springframework.web.client.ResourceAccessException: I/O error on GET request for "http://localhost:8888/scaa/default": Connection refused: no further information. Will be trying the next url if available
2024-06-30T22:08:23.056-03:00  WARN 8124 --- [scaa] [           main] c.c.c.ConfigServicePropertySourceLocator : Could not locate PropertySource: I/O error on GET request for "http://localhost:8888/scaa/default": Connection refused: no further information
2024-06-30T22:08:23.068-03:00  INFO 8124 --- [scaa] [           main] c.m.scaa.ScaaApplicationTests            : No active profile set, falling back to 1 default profile: "default"
2024-06-30T22:08:24.090-03:00  INFO 8124 --- [scaa] [           main] o.s.cloud.context.scope.GenericScope     : BeanFactory id=5cda98ee-b0d3-3b8b-ab0d-acc7fa010eff
2024-06-30T22:08:24.176-03:00  WARN 8124 --- [scaa] [           main] trationDelegate$BeanPostProcessorChecker : Bean 'org.springframework.cloud.client.loadbalancer.LoadBalancerAutoConfiguration$DeferringLoadBalancerInterceptorConfig' of type [org.springframework.cloud.client.loadbalancer.LoadBalancerAutoConfiguration$DeferringLoadBalancerInterceptorConfig] is not eligible for getting processed by all BeanPostProcessors (for example: not eligible for auto-proxying). The currently created BeanPostProcessor [lbRestClientPostProcessor] is declared through a non-static factory method on that class; consider declaring it as static instead.
2024-06-30T22:08:24.178-03:00  WARN 8124 --- [scaa] [           main] trationDelegate$BeanPostProcessorChecker : Bean 'deferringLoadBalancerInterceptor' of type [org.springframework.cloud.client.loadbalancer.DeferringLoadBalancerInterceptor] is not eligible for getting processed by all BeanPostProcessors (for example: not eligible for auto-proxying). Is this bean getting eagerly injected into a currently created BeanPostProcessor [lbRestClientPostProcessor]? Check the corresponding BeanPostProcessor declaration and its dependencies.
2024-06-30T22:08:24.515-03:00  INFO 8124 --- [scaa] [           main] o.s.c.openfeign.FeignClientFactoryBean   : For 'asscache' URL not provided. Will try picking an instance via load-balancing.
2024-06-30T22:08:25.652-03:00  INFO 8124 --- [scaa] [           main] DiscoveryClientOptionalArgsConfiguration : Eureka HTTP Client uses RestTemplate.
2024-06-30T22:08:25.681-03:00  WARN 8124 --- [scaa] [           main] iguration$LoadBalancerCaffeineWarnLogger : Spring Cloud LoadBalancer is currently working with the default cache. While this cache implementation is useful for development and tests, it's recommended to use Caffeine cache in production.You can switch to using Caffeine cache, by adding it and org.springframework.cache.caffeine.CaffeineCacheManager to the classpath.
2024-06-30T22:08:25.694-03:00  INFO 8124 --- [scaa] [           main] o.s.b.a.e.web.EndpointLinksResolver      : Exposing 17 endpoints beneath base path '/actuator'
2024-06-30T22:08:25.744-03:00  INFO 8124 --- [scaa] [           main] o.s.c.n.eureka.InstanceInfoFactory       : Setting initial instance status as: STARTING
2024-06-30T22:08:25.861-03:00  INFO 8124 --- [scaa] [           main] com.netflix.discovery.DiscoveryClient    : Initializing Eureka in region us-east-1
2024-06-30T22:08:25.868-03:00  INFO 8124 --- [scaa] [           main] c.n.d.s.r.aws.ConfigClusterResolver      : Resolving eureka endpoints via configuration
2024-06-30T22:08:25.895-03:00  INFO 8124 --- [scaa] [           main] com.netflix.discovery.DiscoveryClient    : Disable delta property : false
2024-06-30T22:08:25.895-03:00  INFO 8124 --- [scaa] [           main] com.netflix.discovery.DiscoveryClient    : Single vip registry refresh property : null
2024-06-30T22:08:25.896-03:00  INFO 8124 --- [scaa] [           main] com.netflix.discovery.DiscoveryClient    : Force full registry fetch : false
2024-06-30T22:08:25.896-03:00  INFO 8124 --- [scaa] [           main] com.netflix.discovery.DiscoveryClient    : Application is null : false
2024-06-30T22:08:25.896-03:00  INFO 8124 --- [scaa] [           main] com.netflix.discovery.DiscoveryClient    : Registered Applications size is zero : true
2024-06-30T22:08:25.896-03:00  INFO 8124 --- [scaa] [           main] com.netflix.discovery.DiscoveryClient    : Application version is -1: true
2024-06-30T22:08:25.896-03:00  INFO 8124 --- [scaa] [           main] com.netflix.discovery.DiscoveryClient    : Getting all instance registry info from the eureka server
2024-06-30T22:08:26.201-03:00  INFO 8124 --- [scaa] [           main] com.netflix.discovery.DiscoveryClient    : The response status is 200
2024-06-30T22:08:26.203-03:00  INFO 8124 --- [scaa] [           main] com.netflix.discovery.DiscoveryClient    : Starting heartbeat executor: renew interval is: 30
2024-06-30T22:08:26.204-03:00  INFO 8124 --- [scaa] [           main] c.n.discovery.InstanceInfoReplicator     : InstanceInfoReplicator onDemand update allowed rate per min is 4
2024-06-30T22:08:26.208-03:00  INFO 8124 --- [scaa] [           main] com.netflix.discovery.DiscoveryClient    : Discovery Client initialized at timestamp 1719796106207 with initial instances count: 0
2024-06-30T22:08:26.209-03:00  INFO 8124 --- [scaa] [           main] o.s.c.n.e.s.EurekaServiceRegistry        : Registering application SCAA with eureka with status UP
2024-06-30T22:08:26.210-03:00  INFO 8124 --- [scaa] [           main] com.netflix.discovery.DiscoveryClient    : Saw local status change event StatusChangeEvent [timestamp=1719796106210, current=UP, previous=STARTING]
2024-06-30T22:08:26.212-03:00  INFO 8124 --- [scaa] [nfoReplicator-0] com.netflix.discovery.DiscoveryClient    : DiscoveryClient_SCAA/Gabriel-PC:scaa:8081: registering service...
2024-06-30T22:08:26.229-03:00  INFO 8124 --- [scaa] [           main] c.m.scaa.ScaaApplicationTests            : Started ScaaApplicationTests in 4.019 seconds (process running for 4.907)
2024-06-30T22:08:26.343-03:00  INFO 8124 --- [scaa] [nfoReplicator-0] com.netflix.discovery.DiscoveryClient    : DiscoveryClient_SCAA/Gabriel-PC:scaa:8081 - registration status: 204
]]></system-out>
    <system-err><![CDATA[WARNING: A Java agent has been loaded dynamically (C:\Users\gabri\.m2\repository\net\bytebuddy\byte-buddy-agent\1.14.17\byte-buddy-agent-1.14.17.jar)
WARNING: If a serviceability tool is in use, please run with -XX:+EnableDynamicAgentLoading to hide this warning
WARNING: If a serviceability tool is not in use, please run with -Djdk.instrument.traceUsage for more information
WARNING: Dynamic loading of agents will be disallowed by default in a future release
]]></system-err>
  </testcase>
</testsuite>