<?xml version="1.0" encoding="UTF-8"?>
<testsuite xmlns:xsi="http://www.w3.org/2001/XMLSchema-instance" xsi:noNamespaceSchemaLocation="https://maven.apache.org/surefire/maven-surefire-plugin/xsd/surefire-test-report-3.0.xsd" version="3.0" name="com.asscache.asscache.AsscacheApplicationTests" time="5.535" tests="1" errors="0" skipped="0" failures="0">
  <properties>
[...]
</properties>
  <testcase name="contextLoads" classname="com.asscache.asscache.AsscacheApplicationTests" time="0.661">
    <system-out><![CDATA[Standard Commons Logging discovery in action with spring-jcl: please remove commons-logging.jar from classpath in order to avoid potential conflicts
22:49:13.189 [main] INFO org.springframework.test.context.support.AnnotationConfigContextLoaderUtils -- Could not detect default configuration classes for test class [com.asscache.asscache.AsscacheApplicationTests]: AsscacheApplicationTests does not declare any static, non-private, non-final, nested classes annotated with @Configuration.
22:49:13.290 [main] INFO org.springframework.boot.test.context.SpringBootTestContextBootstrapper -- Found @SpringBootConfiguration com.asscache.asscache.AsscacheApplication for test class com.asscache.asscache.AsscacheApplicationTests
22:49:13.444 [main] INFO org.springframework.boot.devtools.restart.RestartApplicationListener -- Restart disabled due to context in which it is running

  .   ____          _            __ _ _
 /\\ / ___'_ __ _ _(_)_ __  __ _ \ \ \ \
( ( )\___ | '_ | '_| | '_ \/ _` | \ \ \ \
 \\/  ___)| |_)| | | | | || (_| |  ) ) ) )
  '  |____| .__|_| |_|_| |_\__, | / / / /
 =========|_|==============|___/=/_/_/_/

 :: Spring Boot ::                (v3.3.1)

2024-06-30T22:49:13.708-03:00  WARN 8000 --- [asscache] [           main] ory$DuplicateJsonObjectContextCustomizer : 

Found multiple occurrences of org.json.JSONObject on the class path:

	jar:file:/C:/Users/gabri/.m2/repository/org/json/json/20240303/json-20240303.jar!/org/json/JSONObject.class
	jar:file:/C:/Users/gabri/.m2/repository/com/vaadin/external/google/android-json/0.0.20131108.vaadin1/android-json-0.0.20131108.vaadin1.jar!/org/json/JSONObject.class

You may wish to exclude one of them to ensure predictable runtime behavior

2024-06-30T22:49:13.732-03:00  INFO 8000 --- [asscache] [           main] c.a.asscache.AsscacheApplicationTests    : Starting AsscacheApplicationTests using Java 21.0.1 with PID 8000 (started by gabri in C:\Users\gabri\programacao\PROJETOS\microsservices-tf\TF-Microsservicos\asscache)
2024-06-30T22:49:13.733-03:00  INFO 8000 --- [asscache] [           main] c.a.asscache.AsscacheApplicationTests    : No active profile set, falling back to 1 default profile: "default"
2024-06-30T22:49:15.020-03:00  INFO 8000 --- [asscache] [           main] faultConfiguringBeanFactoryPostProcessor : No bean named 'errorChannel' has been explicitly defined. Therefore, a default PublishSubscribeChannel will be created.
2024-06-30T22:49:15.030-03:00  INFO 8000 --- [asscache] [           main] faultConfiguringBeanFactoryPostProcessor : No bean named 'integrationHeaderChannelRegistry' has been explicitly defined. Therefore, a default DefaultHeaderChannelRegistry will be created.
2024-06-30T22:49:15.159-03:00  INFO 8000 --- [asscache] [           main] o.s.cloud.context.scope.GenericScope     : BeanFactory id=290444ba-abc5-3c19-9ea4-1e34c21b60c8
2024-06-30T22:49:15.288-03:00  WARN 8000 --- [asscache] [           main] trationDelegate$BeanPostProcessorChecker : Bean 'org.springframework.cloud.client.loadbalancer.LoadBalancerAutoConfiguration$DeferringLoadBalancerInterceptorConfig' of type [org.springframework.cloud.client.loadbalancer.LoadBalancerAutoConfiguration$DeferringLoadBalancerInterceptorConfig] is not eligible for getting processed by all BeanPostProcessors (for example: not eligible for auto-proxying). The currently created BeanPostProcessor [lbRestClientPostProcessor] is declared through a non-static factory method on that class; consider declaring it as static instead.
2024-06-30T22:49:15.290-03:00  WARN 8000 --- [asscache] [           main] trationDelegate$BeanPostProcessorChecker : Bean 'deferringLoadBalancerInterceptor' of type [org.springframework.cloud.client.loadbalancer.DeferringLoadBalancerInterceptor] is not eligible for getting processed by all BeanPostProcessors (for example: not eligible for auto-proxying). Is this bean getting eagerly injected into a currently created BeanPostProcessor [lbRestClientPostProcessor]? Check the corresponding BeanPostProcessor declaration and its dependencies.
2024-06-30T22:49:15.293-03:00  WARN 8000 --- [asscache] [           main] trationDelegate$BeanPostProcessorChecker : Bean 'org.springframework.cloud.client.loadbalancer.reactive.LoadBalancerBeanPostProcessorAutoConfiguration' of type [org.springframework.cloud.client.loadbalancer.reactive.LoadBalancerBeanPostProcessorAutoConfiguration] is not eligible for getting processed by all BeanPostProcessors (for example: not eligible for auto-proxying). The currently created BeanPostProcessor [loadBalancerWebClientBuilderBeanPostProcessor] is declared through a non-static factory method on that class; consider declaring it as static instead.
2024-06-30T22:49:15.294-03:00  WARN 8000 --- [asscache] [           main] trationDelegate$BeanPostProcessorChecker : Bean 'org.springframework.cloud.client.loadbalancer.reactive.LoadBalancerBeanPostProcessorAutoConfiguration$ReactorDeferringLoadBalancerFilterConfig' of type [org.springframework.cloud.client.loadbalancer.reactive.LoadBalancerBeanPostProcessorAutoConfiguration$ReactorDeferringLoadBalancerFilterConfig] is not eligible for getting processed by all BeanPostProcessors (for example: not eligible for auto-proxying). Is this bean getting eagerly injected into a currently created BeanPostProcessor [loadBalancerWebClientBuilderBeanPostProcessor]? Check the corresponding BeanPostProcessor declaration and its dependencies.
2024-06-30T22:49:15.295-03:00  WARN 8000 --- [asscache] [           main] trationDelegate$BeanPostProcessorChecker : Bean 'reactorDeferringLoadBalancerExchangeFilterFunction' of type [org.springframework.cloud.client.loadbalancer.reactive.DeferringLoadBalancerExchangeFilterFunction] is not eligible for getting processed by all BeanPostProcessors (for example: not eligible for auto-proxying). Is this bean getting eagerly injected into a currently created BeanPostProcessor [loadBalancerWebClientBuilderBeanPostProcessor]? Check the corresponding BeanPostProcessor declaration and its dependencies.
2024-06-30T22:49:15.770-03:00  INFO 8000 --- [asscache] [           main] o.s.c.openfeign.FeignClientFactoryBean   : For 'scaa' URL not provided. Will try picking an instance via load-balancing.
2024-06-30T22:49:16.982-03:00  INFO 8000 --- [asscache] [           main] DiscoveryClientOptionalArgsConfiguration : Eureka HTTP Client uses RestTemplate.
2024-06-30T22:49:17.016-03:00  WARN 8000 --- [asscache] [           main] iguration$LoadBalancerCaffeineWarnLogger : Spring Cloud LoadBalancer is currently working with the default cache. While this cache implementation is useful for development and tests, it's recommended to use Caffeine cache in production.You can switch to using Caffeine cache, by adding it and org.springframework.cache.caffeine.CaffeineCacheManager to the classpath.
2024-06-30T22:49:17.032-03:00  INFO 8000 --- [asscache] [           main] o.s.b.a.e.web.EndpointLinksResolver      : Exposing 21 endpoints beneath base path '/actuator'
2024-06-30T22:49:17.151-03:00  INFO 8000 --- [asscache] [           main] o.s.i.endpoint.EventDrivenConsumer       : Adding {logging-channel-adapter:_org.springframework.integration.errorLogger} as a subscriber to the 'errorChannel' channel
2024-06-30T22:49:17.152-03:00  INFO 8000 --- [asscache] [           main] o.s.i.channel.PublishSubscribeChannel    : Channel 'asscache.errorChannel' has 1 subscriber(s).
2024-06-30T22:49:17.152-03:00  INFO 8000 --- [asscache] [           main] o.s.i.endpoint.EventDrivenConsumer       : started bean '_org.springframework.integration.errorLogger'
2024-06-30T22:49:17.206-03:00  INFO 8000 --- [asscache] [           main] o.s.c.n.eureka.InstanceInfoFactory       : Setting initial instance status as: STARTING
2024-06-30T22:49:17.324-03:00  INFO 8000 --- [asscache] [           main] com.netflix.discovery.DiscoveryClient    : Initializing Eureka in region us-east-1
2024-06-30T22:49:17.329-03:00  INFO 8000 --- [asscache] [           main] c.n.d.s.r.aws.ConfigClusterResolver      : Resolving eureka endpoints via configuration
2024-06-30T22:49:17.371-03:00  INFO 8000 --- [asscache] [           main] com.netflix.discovery.DiscoveryClient    : Disable delta property : false
2024-06-30T22:49:17.371-03:00  INFO 8000 --- [asscache] [           main] com.netflix.discovery.DiscoveryClient    : Single vip registry refresh property : null
2024-06-30T22:49:17.371-03:00  INFO 8000 --- [asscache] [           main] com.netflix.discovery.DiscoveryClient    : Force full registry fetch : false
2024-06-30T22:49:17.371-03:00  INFO 8000 --- [asscache] [           main] com.netflix.discovery.DiscoveryClient    : Application is null : false
2024-06-30T22:49:17.371-03:00  INFO 8000 --- [asscache] [           main] com.netflix.discovery.DiscoveryClient    : Registered Applications size is zero : true
2024-06-30T22:49:17.371-03:00  INFO 8000 --- [asscache] [           main] com.netflix.discovery.DiscoveryClient    : Application version is -1: true
2024-06-30T22:49:17.371-03:00  INFO 8000 --- [asscache] [           main] com.netflix.discovery.DiscoveryClient    : Getting all instance registry info from the eureka server
2024-06-30T22:49:17.767-03:00  INFO 8000 --- [asscache] [           main] com.netflix.discovery.DiscoveryClient    : The response status is 200
2024-06-30T22:49:17.768-03:00  INFO 8000 --- [asscache] [           main] com.netflix.discovery.DiscoveryClient    : Starting heartbeat executor: renew interval is: 30
2024-06-30T22:49:17.771-03:00  INFO 8000 --- [asscache] [           main] c.n.discovery.InstanceInfoReplicator     : InstanceInfoReplicator onDemand update allowed rate per min is 4
2024-06-30T22:49:17.775-03:00  INFO 8000 --- [asscache] [           main] com.netflix.discovery.DiscoveryClient    : Discovery Client initialized at timestamp 1719798557774 with initial instances count: 0
2024-06-30T22:49:17.776-03:00  INFO 8000 --- [asscache] [           main] o.s.c.n.e.s.EurekaServiceRegistry        : Registering application ASSCACHE with eureka with status UP
2024-06-30T22:49:17.777-03:00  INFO 8000 --- [asscache] [           main] com.netflix.discovery.DiscoveryClient    : Saw local status change event StatusChangeEvent [timestamp=1719798557777, current=UP, previous=STARTING]
2024-06-30T22:49:17.778-03:00  INFO 8000 --- [asscache] [nfoReplicator-0] com.netflix.discovery.DiscoveryClient    : DiscoveryClient_ASSCACHE/Gabriel-PC:asscache:8082: registering service...
2024-06-30T22:49:17.780-03:00  INFO 8000 --- [asscache] [           main] o.s.a.r.c.CachingConnectionFactory       : Attempting to connect to: [localhost:5672]
2024-06-30T22:49:17.786-03:00  INFO 8000 --- [asscache] [           main] o.s.a.r.l.SimpleMessageListenerContainer : Broker not available; cannot force queue declarations during start: java.net.ConnectException: Connection refused: no further information
2024-06-30T22:49:17.794-03:00  INFO 8000 --- [asscache] [ntContainer#0-1] o.s.a.r.c.CachingConnectionFactory       : Attempting to connect to: [localhost:5672]
2024-06-30T22:49:17.823-03:00 ERROR 8000 --- [asscache] [ntContainer#0-1] o.s.a.r.l.SimpleMessageListenerContainer : Failed to check/redeclare auto-delete queue(s).

org.springframework.amqp.AmqpConnectException: java.net.ConnectException: Connection refused: no further information
	at org.springframework.amqp.rabbit.support.RabbitExceptionTranslator.convertRabbitAccessException(RabbitExceptionTranslator.java:61) ~[spring-rabbit-3.1.6.jar:3.1.6]
	at org.springframework.amqp.rabbit.connection.AbstractConnectionFactory.createBareConnection(AbstractConnectionFactory.java:622) ~[spring-rabbit-3.1.6.jar:3.1.6]
	at org.springframework.amqp.rabbit.connection.CachingConnectionFactory.createConnection(CachingConnectionFactory.java:726) ~[spring-rabbit-3.1.6.jar:3.1.6]
	at org.springframework.amqp.rabbit.connection.ConnectionFactoryUtils.createConnection(ConnectionFactoryUtils.java:257) ~[spring-rabbit-3.1.6.jar:3.1.6]
	at org.springframework.amqp.rabbit.core.RabbitTemplate.doExecute(RabbitTemplate.java:2249) ~[spring-rabbit-3.1.6.jar:3.1.6]
	at org.springframework.amqp.rabbit.core.RabbitTemplate.execute(RabbitTemplate.java:2222) ~[spring-rabbit-3.1.6.jar:3.1.6]
	at org.springframework.amqp.rabbit.core.RabbitTemplate.execute(RabbitTemplate.java:2202) ~[spring-rabbit-3.1.6.jar:3.1.6]
	at org.springframework.amqp.rabbit.core.RabbitAdmin.getQueueInfo(RabbitAdmin.java:467) ~[spring-rabbit-3.1.6.jar:3.1.6]
	at org.springframework.amqp.rabbit.core.RabbitAdmin.getQueueProperties(RabbitAdmin.java:451) ~[spring-rabbit-3.1.6.jar:3.1.6]
	at org.springframework.amqp.rabbit.listener.AbstractMessageListenerContainer.attemptDeclarations(AbstractMessageListenerContainer.java:1960) ~[spring-rabbit-3.1.6.jar:3.1.6]
	at org.springframework.amqp.rabbit.listener.AbstractMessageListenerContainer.redeclareElementsIfNecessary(AbstractMessageListenerContainer.java:1924) ~[spring-rabbit-3.1.6.jar:3.1.6]
	at org.springframework.amqp.rabbit.listener.SimpleMessageListenerContainer$AsyncMessageProcessingConsumer.initialize(SimpleMessageListenerContainer.java:1479) ~[spring-rabbit-3.1.6.jar:3.1.6]
	at org.springframework.amqp.rabbit.listener.SimpleMessageListenerContainer$AsyncMessageProcessingConsumer.run(SimpleMessageListenerContainer.java:1320) ~[spring-rabbit-3.1.6.jar:3.1.6]
	at java.base/java.lang.Thread.run(Thread.java:1583) ~[na:na]
Caused by: java.net.ConnectException: Connection refused: no further information
	at java.base/sun.nio.ch.Net.pollConnect(Native Method) ~[na:na]
	at java.base/sun.nio.ch.Net.pollConnectNow(Net.java:682) ~[na:na]
	at java.base/sun.nio.ch.NioSocketImpl.timedFinishConnect(NioSocketImpl.java:542) ~[na:na]
	at java.base/sun.nio.ch.NioSocketImpl.connect(NioSocketImpl.java:592) ~[na:na]
	at java.base/java.net.SocksSocketImpl.connect(SocksSocketImpl.java:327) ~[na:na]
	at java.base/java.net.Socket.connect(Socket.java:751) ~[na:na]
	at com.rabbitmq.client.impl.SocketFrameHandlerFactory.create(SocketFrameHandlerFactory.java:61) ~[amqp-client-5.21.0.jar:5.21.0]
	at com.rabbitmq.client.ConnectionFactory.newConnection(ConnectionFactory.java:1249) ~[amqp-client-5.21.0.jar:5.21.0]
	at com.rabbitmq.client.ConnectionFactory.newConnection(ConnectionFactory.java:1198) ~[amqp-client-5.21.0.jar:5.21.0]
	at org.springframework.amqp.rabbit.connection.AbstractConnectionFactory.connectAddresses(AbstractConnectionFactory.java:668) ~[spring-rabbit-3.1.6.jar:3.1.6]
	at org.springframework.amqp.rabbit.connection.AbstractConnectionFactory.connect(AbstractConnectionFactory.java:637) ~[spring-rabbit-3.1.6.jar:3.1.6]
	at org.springframework.amqp.rabbit.connection.AbstractConnectionFactory.createBareConnection(AbstractConnectionFactory.java:584) ~[spring-rabbit-3.1.6.jar:3.1.6]
	... 12 common frames omitted

2024-06-30T22:49:17.829-03:00  INFO 8000 --- [asscache] [ntContainer#0-1] o.s.a.r.c.CachingConnectionFactory       : Attempting to connect to: [localhost:5672]
2024-06-30T22:49:17.881-03:00  INFO 8000 --- [asscache] [           main] c.a.asscache.AsscacheApplicationTests    : Started AsscacheApplicationTests in 4.452 seconds (process running for 5.35)
2024-06-30T22:49:17.895-03:00  INFO 8000 --- [asscache] [nfoReplicator-0] com.netflix.discovery.DiscoveryClient    : DiscoveryClient_ASSCACHE/Gabriel-PC:asscache:8082 - registration status: 204
]]></system-out>
    <system-err><![CDATA[WARNING: A Java agent has been loaded dynamically (C:\Users\gabri\.m2\repository\net\bytebuddy\byte-buddy-agent\1.14.17\byte-buddy-agent-1.14.17.jar)
WARNING: If a serviceability tool is in use, please run with -XX:+EnableDynamicAgentLoading to hide this warning
WARNING: If a serviceability tool is not in use, please run with -Djdk.instrument.traceUsage for more information
WARNING: Dynamic loading of agents will be disallowed by default in a future release
]]></system-err>
  </testcase>
</testsuite>